<?xml version="1.0" encoding="UTF-8"?>
<testng-results ignored="0" total="1" passed="1" failed="0" skipped="0">
  <reporter-output>
  </reporter-output>
  <suite started-at="2019-08-31T08:02:13Z" name="Default suite" finished-at="2019-08-31T08:02:31Z" duration-ms="18214">
    <groups>
    </groups>
    <test started-at="2019-08-31T08:02:13Z" name="Default test" finished-at="2019-08-31T08:02:31Z" duration-ms="18214">
      <class name="Scripts.TC02">
        <test-method is-config="true" signature="reports()[pri:0, instance:Scripts.TC02@3e96bacf]" started-at="2019-08-31T08:02:13Z" name="reports" finished-at="2019-08-31T08:02:13Z" duration-ms="651" status="PASS">
          <reporter-output>
          </reporter-output>
        </test-method> <!-- reports -->
        <test-method is-config="true" signature="beforeClass()[pri:0, instance:Scripts.TC02@3e96bacf]" started-at="2019-08-31T08:02:13Z" name="beforeClass" finished-at="2019-08-31T08:02:22Z" duration-ms="8338" status="PASS">
          <reporter-output>
          </reporter-output>
        </test-method> <!-- beforeClass -->
        <test-method is-config="true" signature="method(java.lang.reflect.Method)[pri:0, instance:Scripts.TC02@3e96bacf]" started-at="2019-08-31T08:02:22Z" name="method" finished-at="2019-08-31T08:02:22Z" duration-ms="21" status="PASS">
          <params>
            <param index="0">
              <value>
                <![CDATA[public void Scripts.TC02.testLogin_logout() throws java.lang.Exception]]>
              </value>
            </param>
          </params>
          <reporter-output>
          </reporter-output>
        </test-method> <!-- method -->
        <test-method signature="testLogin_logout()[pri:0, instance:Scripts.TC02@3e96bacf]" started-at="2019-08-31T08:02:22Z" name="testLogin_logout" finished-at="2019-08-31T08:02:30Z" duration-ms="8276" status="PASS">
          <reporter-output>
          </reporter-output>
        </test-method> <!-- testLogin_logout -->
        <test-method is-config="true" signature="afterClass()[pri:0, instance:Scripts.TC02@3e96bacf]" started-at="2019-08-31T08:02:30Z" name="afterClass" finished-at="2019-08-31T08:02:31Z" duration-ms="862" status="PASS">
          <reporter-output>
          </reporter-output>
        </test-method> <!-- afterClass -->
      </class> <!-- Scripts.TC02 -->
    </test> <!-- Default test -->
  </suite> <!-- Default suite -->
</testng-results>
